<?xml version="1.0" encoding="UTF-8"?>
<!-- Generated by org.testng.reporters.JUnitXMLReporter -->
<testsuite hostname="LAPTOP-OAOM2727" ignored="1" name="Default test" tests="3" failures="2" timestamp="30 Jun 2018 17:20:11 GMT" time="154.82" errors="0">
  <testcase name="contactsLabelTest" time="1.874" classname="com.dd.crm.pom.testlayer.ContactsPageTest">
    <failure type="java.lang.AssertionError" message="expected [Contacts] but found [[[ChromeDriver: chrome on XP (4f364dc0b31f5f7e94ab10de0322df7f)] -&amp;gt; xpath: //td[@class=&amp;apos;datacardtitle&amp;apos;]//*[contains(text(),&amp;apos;Contacts&amp;apos;)]]]">
      <![CDATA[java.lang.AssertionError: expected [Contacts] but found [[[ChromeDriver: chrome on XP (4f364dc0b31f5f7e94ab10de0322df7f)] -> xpath: //td[@class='datacardtitle']//*[contains(text(),'Contacts')]]]
at org.testng.Assert.fail(Assert.java:96)
at org.testng.Assert.failNotEquals(Assert.java:776)
at org.testng.Assert.assertEqualsImpl(Assert.java:137)
at org.testng.Assert.assertEquals(Assert.java:118)
at org.testng.Assert.assertEquals(Assert.java:442)
at com.dd.pom.pagelayer.ContactsPage.checkContactsLabel(ContactsPage.java:44)
at com.dd.crm.pom.testlayer.ContactsPageTest.contactsLabelTest(ContactsPageTest.java:38)
at sun.reflect.NativeMethodAccessorImpl.invoke0(Native Method)
at sun.reflect.NativeMethodAccessorImpl.invoke(NativeMethodAccessorImpl.java:62)
at sun.reflect.DelegatingMethodAccessorImpl.invoke(DelegatingMethodAccessorImpl.java:43)
at java.lang.reflect.Method.invoke(Method.java:497)
at org.testng.internal.MethodInvocationHelper.invokeMethod(MethodInvocationHelper.java:124)
at org.testng.internal.Invoker.invokeMethod(Invoker.java:580)
at org.testng.internal.Invoker.invokeTestMethod(Invoker.java:716)
at org.testng.internal.Invoker.invokeTestMethods(Invoker.java:988)
at org.testng.internal.TestMethodWorker.invokeTestMethods(TestMethodWorker.java:125)
at org.testng.internal.TestMethodWorker.run(TestMethodWorker.java:109)
at org.testng.TestRunner.privateRun(TestRunner.java:648)
at org.testng.TestRunner.run(TestRunner.java:505)
at org.testng.SuiteRunner.runTest(SuiteRunner.java:455)
at org.testng.SuiteRunner.runSequentially(SuiteRunner.java:450)
at org.testng.SuiteRunner.privateRun(SuiteRunner.java:415)
at org.testng.SuiteRunner.run(SuiteRunner.java:364)
at org.testng.SuiteRunnerWorker.runSuite(SuiteRunnerWorker.java:52)
at org.testng.SuiteRunnerWorker.run(SuiteRunnerWorker.java:84)
at org.testng.TestNG.runSuitesSequentially(TestNG.java:1208)
at org.testng.TestNG.runSuitesLocally(TestNG.java:1137)
at org.testng.TestNG.runSuites(TestNG.java:1049)
at org.testng.TestNG.run(TestNG.java:1017)
at org.testng.remote.AbstractRemoteTestNG.run(AbstractRemoteTestNG.java:114)
at org.testng.remote.RemoteTestNG.initAndRun(RemoteTestNG.java:251)
at org.testng.remote.RemoteTestNG.main(RemoteTestNG.java:77)
]]>
    </failure>
  </testcase> <!-- contactsLabelTest -->
  <testcase name="ExportlabelTest" time="0.081" classname="com.dd.crm.pom.testlayer.ContactsPageTest">
    <failure type="java.lang.AssertionError" message="expected [Export] but found [[[ChromeDriver: chrome on XP (4ea171aefe2455aea2cfa17f8f3c6839)] -&amp;gt; xpath: //a[@title=&amp;apos;Export&amp;apos;]]]">
      <![CDATA[java.lang.AssertionError: expected [Export] but found [[[ChromeDriver: chrome on XP (4ea171aefe2455aea2cfa17f8f3c6839)] -> xpath: //a[@title='Export']]]
at org.testng.Assert.fail(Assert.java:96)
at org.testng.Assert.failNotEquals(Assert.java:776)
at org.testng.Assert.assertEqualsImpl(Assert.java:137)
at org.testng.Assert.assertEquals(Assert.java:118)
at org.testng.Assert.assertEquals(Assert.java:442)
at com.dd.pom.pagelayer.ContactsPage.checkExportLink(ContactsPage.java:49)
at com.dd.crm.pom.testlayer.ContactsPageTest.ExportlabelTest(ContactsPageTest.java:43)
at sun.reflect.NativeMethodAccessorImpl.invoke0(Native Method)
at sun.reflect.NativeMethodAccessorImpl.invoke(NativeMethodAccessorImpl.java:62)
at sun.reflect.DelegatingMethodAccessorImpl.invoke(DelegatingMethodAccessorImpl.java:43)
at java.lang.reflect.Method.invoke(Method.java:497)
at org.testng.internal.MethodInvocationHelper.invokeMethod(MethodInvocationHelper.java:124)
at org.testng.internal.Invoker.invokeMethod(Invoker.java:580)
at org.testng.internal.Invoker.invokeTestMethod(Invoker.java:716)
at org.testng.internal.Invoker.invokeTestMethods(Invoker.java:988)
at org.testng.internal.TestMethodWorker.invokeTestMethods(TestMethodWorker.java:125)
at org.testng.internal.TestMethodWorker.run(TestMethodWorker.java:109)
at org.testng.TestRunner.privateRun(TestRunner.java:648)
at org.testng.TestRunner.run(TestRunner.java:505)
at org.testng.SuiteRunner.runTest(SuiteRunner.java:455)
at org.testng.SuiteRunner.runSequentially(SuiteRunner.java:450)
at org.testng.SuiteRunner.privateRun(SuiteRunner.java:415)
at org.testng.SuiteRunner.run(SuiteRunner.java:364)
at org.testng.SuiteRunnerWorker.runSuite(SuiteRunnerWorker.java:52)
at org.testng.SuiteRunnerWorker.run(SuiteRunnerWorker.java:84)
at org.testng.TestNG.runSuitesSequentially(TestNG.java:1208)
at org.testng.TestNG.runSuitesLocally(TestNG.java:1137)
at org.testng.TestNG.runSuites(TestNG.java:1049)
at org.testng.TestNG.run(TestNG.java:1017)
at org.testng.remote.AbstractRemoteTestNG.run(AbstractRemoteTestNG.java:114)
at org.testng.remote.RemoteTestNG.initAndRun(RemoteTestNG.java:251)
at org.testng.remote.RemoteTestNG.main(RemoteTestNG.java:77)
]]>
    </failure>
  </testcase> <!-- ExportlabelTest -->
  <testcase name="contactSelecttest" time="0.0" classname="com.dd.crm.pom.testlayer.ContactsPageTest">
    <skipped/>
  </testcase> <!-- contactSelecttest -->
  <testcase name="newContactcreatetest" time="0.0" classname="com.dd.crm.pom.testlayer.ContactsPageTest">
    <ignored/>
  </testcase> <!-- newContactcreatetest -->
</testsuite> <!-- Default test -->
